<?xml version="1.0" encoding="UTF-8"?>
<testsuite xmlns:xsi="http://www.w3.org/2001/XMLSchema-instance" xsi:noNamespaceSchemaLocation="https://maven.apache.org/surefire/maven-surefire-plugin/xsd/surefire-test-report.xsd" name="uaslp.enginering.labs.list.ArrayListTest" time="0.896" tests="16" errors="0" skipped="0" failures="0">
  <properties>
[...]
</properties>
  <testcase name="givenAListWith3Elements_whenInsertAtMiddleAfter_thenElementIsInserted" classname="uaslp.enginering.labs.list.ArrayListTest" time="0.007"/>
  <testcase name="givenAListWith3Elements_whenInsertAtBeginningBefore_thenElementIsInserted" classname="uaslp.enginering.labs.list.ArrayListTest" time="0"/>
  <testcase name="givenNewList_whenAdd_thenElementIsInserted" classname="uaslp.enginering.labs.list.ArrayListTest" time="0"/>
  <testcase name="givenAListWith3Elements_whenDeleteNegative_thenDoesNothing" classname="uaslp.enginering.labs.list.ArrayListTest" time="0"/>
  <testcase name="givenAListWithNoMoreCapacity_whenAdd_thenElementIsInserted" classname="uaslp.enginering.labs.list.ArrayListTest" time="0"/>
  <testcase name="givenAListWith3Elements_whenInsertAtEndBefore_thenElementIsInserted" classname="uaslp.enginering.labs.list.ArrayListTest" time="0"/>
  <testcase name="givenAListWith3Elements_whenDeleteMiddle_thenElementIsDeleted" classname="uaslp.enginering.labs.list.ArrayListTest" time="0"/>
  <testcase name="givenAListWith3Elements_whenDeleteOutOfSize_thenDoesNothing" classname="uaslp.enginering.labs.list.ArrayListTest" time="0"/>
  <testcase name="givenAListWith3Elements_whenDeleteLast_thenElementIsDeleted" classname="uaslp.enginering.labs.list.ArrayListTest" time="0"/>
  <testcase name="givenAListWith3Elements_whenInsertAtBeginningAfter_thenElementIsInserted" classname="uaslp.enginering.labs.list.ArrayListTest" time="0"/>
  <testcase name="givenAListWith3Elements_whenInsertAtMiddleBefore_thenElementIsInserted" classname="uaslp.enginering.labs.list.ArrayListTest" time="0.001"/>
  <testcase name="givenEmptyList_whenGetIterator_thenIteratorIsEmpty" classname="uaslp.enginering.labs.list.ArrayListTest" time="0"/>
  <testcase name="givenListWithOneElement_whenGetIterator_thenIteratorHasOneNext" classname="uaslp.enginering.labs.list.ArrayListTest" time="0"/>
  <testcase name="givenNewList_whenSize_thenZeroIsReturned" classname="uaslp.enginering.labs.list.ArrayListTest" time="0"/>
  <testcase name="givenAListWith3Elements_whenInsertAtEndAfter_thenElementIsInserted" classname="uaslp.enginering.labs.list.ArrayListTest" time="0"/>
  <testcase name="givenAListWith3Elements_whenDeleteFirst_thenElementIsDeleted" classname="uaslp.enginering.labs.list.ArrayListTest" time="0.001"/>
</testsuite>